<?xml version="1.0" encoding="UTF-8"?>
<testsuites name="jest tests" tests="6" failures="0" errors="0" time="9.87">
  <testsuite name="undefined" errors="0" failures="0" skipped="0" timestamp="2021-11-06T18:49:18" time="2.598" tests="3">
    <testcase classname=" Test tableHeader render" name=" Test tableHeader render" time="0.004">
    </testcase>
    <testcase classname=" Test tableHeader click asce" name=" Test tableHeader click asce" time="0.001">
    </testcase>
    <testcase classname=" Test tableHeader click desc" name=" Test tableHeader click desc" time="0.001">
    </testcase>
  </testsuite>
  <testsuite name="undefined" errors="0" failures="0" skipped="0" timestamp="2021-11-06T18:49:18" time="2.772" tests="1">
    <testcase classname=" test render table footer" name=" test render table footer" time="0.063">
    </testcase>
  </testsuite>
  <testsuite name="undefined" errors="0" failures="0" skipped="0" timestamp="2021-11-06T18:49:21" time="0.29" tests="1">
    <testcase classname=" Test tableBody render" name=" Test tableBody render" time="0">
    </testcase>
  </testsuite>
  <testsuite name="undefined" errors="0" failures="0" skipped="0" timestamp="2021-11-06T18:49:18" time="3.08" tests="1">
    <testcase classname=" Test Table render" name=" Test Table render" time="0.008">
    </testcase>
  </testsuite>
</testsuites>